<?xml version="1.0" encoding="utf-8"?><testsuite errors="0" failures="0" name="pytest" skipped="0" tests="3" time="11.533"><testcase classname="tests.test_default" file="tests/test_default.py" line="9" name="test_packages_wn[ansible://instance]" time="7.577"></testcase><testcase classname="tests.test_default" file="tests/test_default.py" line="26" name="test_packages_hepos_lib[ansible://instance]" time="2.324"></testcase><testcase classname="tests.test_default" file="tests/test_default.py" line="43" name="test_files[ansible://instance-/etc/profile.d/gridenv.sh]" time="1.080"></testcase></testsuite>